<?xml version="1.0" encoding="UTF-8"?>
<!-- Generated by org.testng.reporters.JUnitReportReporter -->
<testsuite hostname="DESKTOP-GRS4N7T" failures="0" tests="1" name="com.hyr.tests.AnnotationsTest" time="0.016" errors="0" timestamp="2022-10-13T21:11:23 IST" skipped="0">
  <testcase classname="com.hyr.tests.AnnotationsTest" name="testmethod1" time="0.016"/>
  <system-out/>
</testsuite> <!-- com.hyr.tests.AnnotationsTest -->
